<?xml version="1.0" encoding="UTF-8"?>
<!-- Generated by org.testng.reporters.JUnitXMLReporter -->
<testsuite ignored="0" hostname="LAPTOP-ML3TFG3H" failures="0" tests="3" name="Test1" time="16.149" errors="0" timestamp="2021-01-15T20:35:04 IST">
  <testcase classname="test.TestNG_Demo2" name="GoogleSearch2" time="5.464"/>
  <testcase classname="test.TestNG_Demo" name="GoogleSearch" time="6.035"/>
  <testcase classname="test.TestNG_Demo2" name="GoogleSearch3" time="1.648"/>
</testsuite> <!-- Test1 -->
